<?xml version="1.0" encoding="UTF-8"?>
<!-- Generated by org.testng.reporters.JUnitXMLReporter -->
<testsuite hostname="M497" ignored="0" name="Default test" tests="5" failures="0" timestamp="08 Sep 2019 00:00:22 GMT" time="0.672" errors="0">
  <testcase name="ReadData" time="0.006" classname="com.qa.crm.testcases.DataProvidertest"/>
  <testcase name="ReadData" time="0.001" classname="com.qa.crm.testcases.DataProvidertest"/>
  <testcase name="ReadData" time="0.001" classname="com.qa.crm.testcases.DataProvidertest"/>
  <testcase name="ReadData" time="0.0" classname="com.qa.crm.testcases.DataProvidertest"/>
  <testcase name="ReadData" time="0.001" classname="com.qa.crm.testcases.DataProvidertest"/>
</testsuite> <!-- Default test -->
