<?xml version="1.0" encoding="UTF-8"?>
<testng-results skipped="0" failed="0" ignored="0" total="5" passed="5">
  <reporter-output>
  </reporter-output>
  <suite name="Default suite" duration-ms="672" started-at="2019-09-08T00:00:21Z" finished-at="2019-09-08T00:00:22Z">
    <groups>
    </groups>
    <test name="Default test" duration-ms="672" started-at="2019-09-08T00:00:21Z" finished-at="2019-09-08T00:00:22Z">
      <class name="com.qa.crm.testcases.DataProvidertest">
        <test-method status="PASS" signature="ReadData(java.lang.String, java.lang.String, java.lang.String, java.lang.String, java.lang.String, java.lang.String)[pri:0, instance:com.qa.crm.testcases.DataProvidertest@47c62251]" name="ReadData" duration-ms="6" started-at="2019-09-08T00:00:22Z" data-provider="gettestReadData" finished-at="2019-09-08T00:00:22Z">
          <params>
            <param index="0">
              <value>
                <![CDATA[engineer]]>
              </value>
            </param>
            <param index="1">
              <value>
                <![CDATA[deepak]]>
              </value>
            </param>
            <param index="2">
              <value>
                <![CDATA[yadav]]>
              </value>
            </param>
            <param index="3">
              <value>
                <![CDATA[2140.0]]>
              </value>
            </param>
            <param index="4">
              <value>
                <![CDATA[TRMPS]]>
              </value>
            </param>
            <param index="5">
              <value>
                <![CDATA[modinagar]]>
              </value>
            </param>
          </params>
          <reporter-output>
          </reporter-output>
        </test-method> <!-- ReadData -->
        <test-method status="PASS" signature="ReadData(java.lang.String, java.lang.String, java.lang.String, java.lang.String, java.lang.String, java.lang.String)[pri:0, instance:com.qa.crm.testcases.DataProvidertest@47c62251]" name="ReadData" duration-ms="1" started-at="2019-09-08T00:00:22Z" data-provider="gettestReadData" finished-at="2019-09-08T00:00:22Z">
          <params>
            <param index="0">
              <value>
                <![CDATA[engineer1]]>
              </value>
            </param>
            <param index="1">
              <value>
                <![CDATA[deepak1]]>
              </value>
            </param>
            <param index="2">
              <value>
                <![CDATA[yadav1]]>
              </value>
            </param>
            <param index="3">
              <value>
                <![CDATA[2141.0]]>
              </value>
            </param>
            <param index="4">
              <value>
                <![CDATA[TRMPS1]]>
              </value>
            </param>
            <param index="5">
              <value>
                <![CDATA[modinagar1]]>
              </value>
            </param>
          </params>
          <reporter-output>
          </reporter-output>
        </test-method> <!-- ReadData -->
        <test-method status="PASS" signature="ReadData(java.lang.String, java.lang.String, java.lang.String, java.lang.String, java.lang.String, java.lang.String)[pri:0, instance:com.qa.crm.testcases.DataProvidertest@47c62251]" name="ReadData" duration-ms="1" started-at="2019-09-08T00:00:22Z" data-provider="gettestReadData" finished-at="2019-09-08T00:00:22Z">
          <params>
            <param index="0">
              <value>
                <![CDATA[engineer2]]>
              </value>
            </param>
            <param index="1">
              <value>
                <![CDATA[deepak2]]>
              </value>
            </param>
            <param index="2">
              <value>
                <![CDATA[yadav2]]>
              </value>
            </param>
            <param index="3">
              <value>
                <![CDATA[2142.0]]>
              </value>
            </param>
            <param index="4">
              <value>
                <![CDATA[TRMPS2]]>
              </value>
            </param>
            <param index="5">
              <value>
                <![CDATA[modinagar2]]>
              </value>
            </param>
          </params>
          <reporter-output>
          </reporter-output>
        </test-method> <!-- ReadData -->
        <test-method status="PASS" signature="ReadData(java.lang.String, java.lang.String, java.lang.String, java.lang.String, java.lang.String, java.lang.String)[pri:0, instance:com.qa.crm.testcases.DataProvidertest@47c62251]" name="ReadData" duration-ms="0" started-at="2019-09-08T00:00:22Z" data-provider="gettestReadData" finished-at="2019-09-08T00:00:22Z">
          <params>
            <param index="0">
              <value>
                <![CDATA[engineer3]]>
              </value>
            </param>
            <param index="1">
              <value>
                <![CDATA[deepak3]]>
              </value>
            </param>
            <param index="2">
              <value>
                <![CDATA[yadav3]]>
              </value>
            </param>
            <param index="3">
              <value>
                <![CDATA[2143.0]]>
              </value>
            </param>
            <param index="4">
              <value>
                <![CDATA[TRMPS3]]>
              </value>
            </param>
            <param index="5">
              <value>
                <![CDATA[modinagar3]]>
              </value>
            </param>
          </params>
          <reporter-output>
          </reporter-output>
        </test-method> <!-- ReadData -->
        <test-method status="PASS" signature="ReadData(java.lang.String, java.lang.String, java.lang.String, java.lang.String, java.lang.String, java.lang.String)[pri:0, instance:com.qa.crm.testcases.DataProvidertest@47c62251]" name="ReadData" duration-ms="1" started-at="2019-09-08T00:00:22Z" data-provider="gettestReadData" finished-at="2019-09-08T00:00:22Z">
          <params>
            <param index="0">
              <value>
                <![CDATA[engineer4]]>
              </value>
            </param>
            <param index="1">
              <value>
                <![CDATA[deepak4]]>
              </value>
            </param>
            <param index="2">
              <value>
                <![CDATA[yadav4]]>
              </value>
            </param>
            <param index="3">
              <value>
                <![CDATA[2144.0]]>
              </value>
            </param>
            <param index="4">
              <value>
                <![CDATA[TRMPS4]]>
              </value>
            </param>
            <param index="5">
              <value>
                <![CDATA[modinagar4]]>
              </value>
            </param>
          </params>
          <reporter-output>
          </reporter-output>
        </test-method> <!-- ReadData -->
      </class> <!-- com.qa.crm.testcases.DataProvidertest -->
    </test> <!-- Default test -->
  </suite> <!-- Default suite -->
</testng-results>
