<?xml version="1.0" encoding="UTF-8"?>
<testng-results skipped="0" failed="0" ignored="0" total="1" passed="1">
  <reporter-output>
  </reporter-output>
  <suite name="Default suite" duration-ms="12630" started-at="2019-03-08T06:49:48Z" finished-at="2019-03-08T06:50:01Z">
    <groups>
    </groups>
    <test name="Default test" duration-ms="12630" started-at="2019-03-08T06:49:48Z" finished-at="2019-03-08T06:50:01Z">
      <class name="com.qa.crm.testcases.CreateDealPageTest">
        <test-method status="PASS" signature="setup()[pri:0, instance:com.qa.crm.testcases.CreateDealPageTest@1794d431]" name="setup" is-config="true" duration-ms="6836" started-at="2019-03-08T06:49:48Z" finished-at="2019-03-08T06:49:55Z">
          <reporter-output>
          </reporter-output>
        </test-method> <!-- setup -->
        <test-method status="PASS" signature="CreateDealTest()[pri:0, instance:com.qa.crm.testcases.CreateDealPageTest@1794d431]" name="CreateDealTest" duration-ms="5774" started-at="2019-03-08T06:49:55Z" finished-at="2019-03-08T06:50:01Z">
          <reporter-output>
          </reporter-output>
        </test-method> <!-- CreateDealTest -->
      </class> <!-- com.qa.crm.testcases.CreateDealPageTest -->
    </test> <!-- Default test -->
  </suite> <!-- Default suite -->
</testng-results>
